[debug] [2018-08-06T12:47:40.108Z] ----------------------------------------------------------------------
[debug] [2018-08-06T12:47:40.110Z] Command:       C:\Program Files\nodejs\node.exe C:\Users\chayakas\AppData\Roaming\npm\node_modules\firebase-tools\bin\firebase serve -p 8081
[debug] [2018-08-06T12:47:40.111Z] CLI Version:   4.0.3
[debug] [2018-08-06T12:47:40.111Z] Platform:      win32
[debug] [2018-08-06T12:47:40.111Z] Node Version:  v8.4.0
[debug] [2018-08-06T12:47:40.111Z] Time:          Mon Aug 06 2018 18:17:40 GMT+0530 (India Standard Time)
[debug] [2018-08-06T12:47:40.111Z] ----------------------------------------------------------------------
[debug] 
[debug] [2018-08-06T12:47:40.119Z] > command requires scopes: ["email","openid","https://www.googleapis.com/auth/cloudplatformprojects.readonly","https://www.googleapis.com/auth/firebase","https://www.googleapis.com/auth/cloud-platform"]
[debug] [2018-08-06T12:47:40.119Z] > authorizing via signed-in user
[debug] [2018-08-06T12:47:40.121Z] > refreshing access token with scopes: ["email","https://www.googleapis.com/auth/cloud-platform","https://www.googleapis.com/auth/cloudplatformprojects.readonly","https://www.googleapis.com/auth/firebase","openid"]
[debug] [2018-08-06T12:47:40.121Z] >>> HTTP REQUEST POST https://www.googleapis.com/oauth2/v3/token  
 { refresh_token: '1/SCgFUJ0cF0xgF8fFXg5S3mNAnc1XpY-NBx1YmXJdYco',
  client_id: '563584335869-fgrhgmd47bqnekij5i8b5pr03ho849e6.apps.googleusercontent.com',
  client_secret: 'j9iVZfS8kkCEFUPaAeJV0sAi',
  grant_type: 'refresh_token',
  scope: 'email https://www.googleapis.com/auth/cloud-platform https://www.googleapis.com/auth/cloudplatformprojects.readonly https://www.googleapis.com/auth/firebase openid' } 
 Mon Aug 06 2018 18:17:40 GMT+0530 (India Standard Time)
[debug] [2018-08-06T12:47:40.349Z] <<< HTTP RESPONSE 200
[debug] [2018-08-06T12:47:40.443Z] >>> HTTP REQUEST GET https://admin.firebase.com/v1/projects/test-notify-a7729  
  
 Mon Aug 06 2018 18:17:40 GMT+0530 (India Standard Time)
[debug] [2018-08-06T12:47:41.475Z] <<< HTTP RESPONSE 200
[debug] [2018-08-06T12:47:41.476Z] >>> HTTP REQUEST GET https://admin.firebase.com/v1/database/test-notify-a7729/tokens  
  
 Mon Aug 06 2018 18:17:41 GMT+0530 (India Standard Time)
[debug] [2018-08-06T12:47:42.378Z] <<< HTTP RESPONSE 200
[debug] [2018-08-06T12:47:42.379Z] >>> HTTP REQUEST GET https://cloudresourcemanager.googleapis.com/v1/projects/test-notify-a7729  
  
 Mon Aug 06 2018 18:17:42 GMT+0530 (India Standard Time)
[debug] [2018-08-06T12:47:43.931Z] <<< HTTP RESPONSE 200
[info] 
[info] === Serving from 'D:\Chaithu Prac\vagrant-ubuntu-xenial-node-8\workspace\CloudFunc'...
[info] 
[info] i  functions: Preparing to emulate functions.
[debug] [2018-08-06T12:47:45.856Z] Fetching environment
[debug] [2018-08-06T12:47:45.858Z] >>> HTTP REQUEST GET https://mobilesdk-pa.googleapis.com/v1/projects/425239922285:getServerAppConfig  
  
 Mon Aug 06 2018 18:17:45 GMT+0530 (India Standard Time)
[debug] [2018-08-06T12:47:45.859Z] >>> HTTP REQUEST GET https://mobilesdk-pa.googleapis.com/v1/projects/425239922285/clients/_:getWebAppConfig  
  
 Mon Aug 06 2018 18:17:45 GMT+0530 (India Standard Time)
[debug] [2018-08-06T12:47:46.488Z] <<< HTTP RESPONSE 200
[debug] [2018-08-06T12:47:46.488Z] Starting @google-cloud/functions-emulator
[debug] [2018-08-06T12:47:46.623Z] <<< HTTP RESPONSE 200
[warn] !  hosting: Port 8081 is not available. Trying another port...
[debug] [2018-08-06T12:47:46.649Z] >>> HTTP REQUEST GET https://mobilesdk-pa.googleapis.com/v1/projects/425239922285/clients/_:getWebAppConfig  
  
 Mon Aug 06 2018 18:17:46 GMT+0530 (India Standard Time)
[debug] [2018-08-06T12:47:47.303Z] <<< HTTP RESPONSE 200
[info] i  hosting: Serving hosting files from: public
[info] +  hosting: Local server: http://localhost:8085

[debug] [2018-08-06T12:47:51.193Z] Parsing function triggers
[info] i  functions: No HTTPS functions found. Use firebase functions:shell if you would like to emulate other types of functions.
